<?xml version="1.0" encoding="UTF-8"?>
<!-- Generated by org.testng.reporters.JUnitXMLReporter -->
<testsuite hostname="Oladele" ignored="0" name="Opencart Test" tests="4" failures="0" timestamp="2021-06-26T20:35:17 BST" time="126.095" errors="0">
  <testcase name="test_LoginDDT" time="16.239" classname="testCases.TC_003_LoginDDT"/>
  <testcase name="test_LoginDDT" time="15.779" classname="testCases.TC_003_LoginDDT"/>
  <testcase name="test_LoginDDT" time="15.979" classname="testCases.TC_003_LoginDDT"/>
  <testcase name="test_LoginDDT" time="15.821" classname="testCases.TC_003_LoginDDT"/>
</testsuite> <!-- Opencart Test -->
